0 info it worked if it ends with ok
1 verbose cli [ '/usr/bin/node', '/usr/bin/npm', 'run', 'build' ]
2 info using npm@3.5.2
3 info using node@v8.10.0
4 warn invalid config loglevel="notice"
5 verbose run-script [ 'prebuild', 'build', 'postbuild' ]
6 info lifecycle portfolio@0.1.0~prebuild: portfolio@0.1.0
7 silly lifecycle portfolio@0.1.0~prebuild: no script for prebuild, continuing
8 info lifecycle portfolio@0.1.0~build: portfolio@0.1.0
9 verbose lifecycle portfolio@0.1.0~build: unsafe-perm in lifecycle true
10 verbose lifecycle portfolio@0.1.0~build: PATH: /usr/share/npm/bin/node-gyp-bin:/home/grzegorz/Pulpit/repo/portfolio/node_modules/.bin:/home/grzegorz/Pobrane/node/lib/node_modules/npm/node_modules/npm-lifecycle/node-gyp-bin:/home/grzegorz/Pulpit/repo/portfolio/node_modules/.bin:/usr/local/sbin:/usr/local/bin:/usr/sbin:/usr/bin:/sbin:/bin:/usr/games:/usr/local/games:/snap/bin
11 verbose lifecycle portfolio@0.1.0~build: CWD: /home/grzegorz/Pulpit/repo/portfolio
12 silly lifecycle portfolio@0.1.0~build: Args: [ '-c', 'react-scripts build' ]
13 info lifecycle portfolio@0.1.0~build: Failed to exec build script
14 verbose stack Error: portfolio@0.1.0 build: `react-scripts build`
14 verbose stack spawn ENOENT
14 verbose stack     at ChildProcess.<anonymous> (/usr/share/npm/lib/utils/spawn.js:17:16)
14 verbose stack     at emitTwo (events.js:126:13)
14 verbose stack     at ChildProcess.emit (events.js:214:7)
14 verbose stack     at maybeClose (internal/child_process.js:925:16)
14 verbose stack     at Process.ChildProcess._handle.onexit (internal/child_process.js:209:5)
15 verbose pkgid portfolio@0.1.0
16 verbose cwd /home/grzegorz/Pulpit/repo/portfolio
17 error Linux 5.4.0-87-generic
18 error argv "/usr/bin/node" "/usr/bin/npm" "run" "build"
19 error node v8.10.0
20 error npm  v3.5.2
21 error file sh
22 error code ELIFECYCLE
23 error errno ENOENT
24 error syscall spawn
25 error portfolio@0.1.0 build: `react-scripts build`
25 error spawn ENOENT
26 error Failed at the portfolio@0.1.0 build script 'react-scripts build'.
26 error Make sure you have the latest version of node.js and npm installed.
26 error If you do, this is most likely a problem with the portfolio package,
26 error not with npm itself.
26 error Tell the author that this fails on your system:
26 error     react-scripts build
26 error You can get information on how to open an issue for this project with:
26 error     npm bugs portfolio
26 error Or if that isn't available, you can get their info via:
26 error     npm owner ls portfolio
26 error There is likely additional logging output above.
27 verbose exit [ 1, true ]
